2026.01.25 10:51:00 INFO  Started: Metals version 1.6.5 in folders 'C:\Users\Lenin\Desktop\Practicum-1.1\Practicum1.1' for client Visual Studio Code 1.108.2.
2026.01.25 10:51:00 INFO  Memory monitor started
2026.01.25 10:51:01 WARN  Using H2 2.4.240 which is newer than the version Flyway has been verified with. The latest verified version of H2 is 2.3.232.
2026.01.25 10:51:01 INFO  no build target found for C:\Users\Lenin\Desktop\Practicum-1.1\Practicum1.1\src\main\scala\Main.scala. Using presentation compiler with project's scala-library version: 3.3.7
2026.01.25 10:51:05 INFO  no build target found for C:\Users\Lenin\Desktop\Practicum-1.1\Practicum1.1\src\main\scala\Main.scala. Using presentation compiler with project's scala-library version: 3.3.7
2026.01.25 10:51:05 INFO  no build target found for C:\Users\Lenin\Desktop\Practicum-1.1\Practicum1.1\src\main\scala\Main.scala. Using presentation compiler with project's scala-library version: 3.3.7
2026.01.25 10:51:05 INFO  no build target found for C:\Users\Lenin\Desktop\Practicum-1.1\Practicum1.1\src\main\scala\Main.scala. Using presentation compiler with project's scala-library version: 3.3.7
2026.01.25 10:51:05 INFO  no build target found for C:\Users\Lenin\Desktop\Practicum-1.1\Practicum1.1\src\main\scala\Main.scala. Using presentation compiler with project's scala-library version: 3.3.7
ene 25, 2026 10:51:07 A. M. org.eclipse.lsp4j.jsonrpc.RemoteEndpoint handleCancellation
WARNING: Unmatched cancel notification for request id 5
ene 25, 2026 10:51:07 A. M. org.eclipse.lsp4j.jsonrpc.RemoteEndpoint handleCancellation
WARNING: Unmatched cancel notification for request id 7
2026.01.25 10:51:07 INFO  no build target found for C:\Users\Lenin\Desktop\Practicum-1.1\Practicum1.1\src\main\scala\Main.scala. Using presentation compiler with project's scala-library version: 3.3.7
ene 25, 2026 10:51:07 A. M. org.eclipse.lsp4j.jsonrpc.RemoteEndpoint handleCancellation
WARNING: Unmatched cancel notification for request id 3
ene 25, 2026 10:51:47 A. M. org.eclipse.lsp4j.jsonrpc.services.GenericEndpoint notify
INFO: Unsupported notification method: $/setTrace
2026.01.25 10:51:54 INFO  no build target found for C:\Users\Lenin\Desktop\Practicum-1.1\Practicum1.1\src\main\scala\Main.scala. Using presentation compiler with project's scala-library version: 3.3.7
2026.01.25 10:51:54 INFO  no build target found for C:\Users\Lenin\Desktop\Practicum-1.1\Practicum1.1\src\main\scala\Main.scala. Using presentation compiler with project's scala-library version: 3.3.7
2026.01.25 10:51:55 INFO  no build target found for C:\Users\Lenin\Desktop\Practicum-1.1\Practicum1.1\src\main\scala\Main.scala. Using presentation compiler with project's scala-library version: 3.3.7
2026.01.25 11:26:04 INFO  no build target found for C:\Users\Lenin\Desktop\Practicum-1.1\Practicum1.1\src\main\scala\Main.scala. Using presentation compiler with project's scala-library version: 3.3.7
2026.01.25 11:26:30 WARN  no build target for: C:\Users\Lenin\Desktop\Practicum-1.1\Practicum1.1\src\main\scala\Main.scala
2026.01.25 11:26:30 INFO  no build target found for C:\Users\Lenin\Desktop\Practicum-1.1\Practicum1.1\src\main\scala\Main.scala. Using presentation compiler with project's scala-library version: 3.3.7
ene 25, 2026 11:26:31 A. M. org.eclipse.lsp4j.jsonrpc.RemoteEndpoint handleCancellation
WARNING: Unmatched cancel notification for request id 27
2026.01.25 11:26:30 INFO  no build target found for C:\Users\Lenin\Desktop\Practicum-1.1\Practicum1.1\src\main\scala\Main.scala. Using presentation compiler with project's scala-library version: 3.3.7
2026.01.25 11:36:33 INFO  no build target found for C:\Users\Lenin\Desktop\Practicum-1.1\Practicum1.1\src\main\scala\Main.scala. Using presentation compiler with project's scala-library version: 3.3.7
2026.01.25 11:37:11 INFO  Shutting down server
2026.01.25 11:37:11 INFO  Memory monitor stopped
2026.01.25 11:37:11 INFO  shutting down Metals
2026.01.25 11:37:11 INFO  Exiting server
2026.01.25 11:37:15 INFO  Started: Metals version 1.6.5 in folders 'C:\Users\Lenin\Desktop\Practicum-1.1\Practicum1.1' for client Visual Studio Code 1.108.2.
2026.01.25 11:37:15 INFO  Memory monitor started
2026.01.25 11:37:16 WARN  Using H2 2.4.240 which is newer than the version Flyway has been verified with. The latest verified version of H2 is 2.3.232.
2026.01.25 11:37:17 INFO  restarted 0 presentation compilers
2026.01.25 13:03:37 INFO  no build target found for C:\Users\Lenin\Desktop\Practicum-1.1\Practicum1.1\src\main\scala\data\ConexionDB.scala. Using presentation compiler with project's scala-library version: 3.3.7
ene 25, 2026 1:03:38 P. M. org.eclipse.lsp4j.jsonrpc.RemoteEndpoint handleCancellation
WARNING: Unmatched cancel notification for request id 3
2026.01.25 13:03:43 INFO  no build target found for C:\Users\Lenin\Desktop\Practicum-1.1\Practicum1.1\src\main\scala\data\ConexionDB.scala. Using presentation compiler with project's scala-library version: 3.3.7
2026.01.25 13:03:43 INFO  no build target found for C:\Users\Lenin\Desktop\Practicum-1.1\Practicum1.1\src\main\scala\data\ConexionDB.scala. Using presentation compiler with project's scala-library version: 3.3.7
2026.01.25 13:03:45 INFO  no build target found for C:\Users\Lenin\Desktop\Practicum-1.1\Practicum1.1\src\main\scala\data\ConexionDB.scala. Using presentation compiler with project's scala-library version: 3.3.7
2026.01.25 13:03:45 INFO  no build target found for C:\Users\Lenin\Desktop\Practicum-1.1\Practicum1.1\src\main\scala\data\ConexionDB.scala. Using presentation compiler with project's scala-library version: 3.3.7
2026.01.25 13:03:45 INFO  no build target found for C:\Users\Lenin\Desktop\Practicum-1.1\Practicum1.1\src\main\scala\data\ConexionDB.scala. Using presentation compiler with project's scala-library version: 3.3.7
2026.01.25 13:03:46 INFO  no build target found for C:\Users\Lenin\Desktop\Practicum-1.1\Practicum1.1\src\main\scala\data\ConexionDB.scala. Using presentation compiler with project's scala-library version: 3.3.7
2026.01.25 13:03:46 INFO  no build target found for C:\Users\Lenin\Desktop\Practicum-1.1\Practicum1.1\src\main\scala\data\ConexionDB.scala. Using presentation compiler with project's scala-library version: 3.3.7
2026.01.25 13:03:46 INFO  no build target found for C:\Users\Lenin\Desktop\Practicum-1.1\Practicum1.1\src\main\scala\data\ConexionDB.scala. Using presentation compiler with project's scala-library version: 3.3.7
2026.01.25 13:03:48 INFO  no build target found for C:\Users\Lenin\Desktop\Practicum-1.1\Practicum1.1\src\main\scala\data\ConexionDB.scala. Using presentation compiler with project's scala-library version: 3.3.7
2026.01.25 13:03:48 INFO  no build target found for C:\Users\Lenin\Desktop\Practicum-1.1\Practicum1.1\src\main\scala\data\ConexionDB.scala. Using presentation compiler with project's scala-library version: 3.3.7
2026.01.25 13:03:48 INFO  no build target found for C:\Users\Lenin\Desktop\Practicum-1.1\Practicum1.1\src\main\scala\data\ConexionDB.scala. Using presentation compiler with project's scala-library version: 3.3.7
2026.01.25 13:03:50 INFO  no build target found for C:\Users\Lenin\Desktop\Practicum-1.1\Practicum1.1\src\main\scala\data\ConexionDB.scala. Using presentation compiler with project's scala-library version: 3.3.7
2026.01.25 13:03:50 WARN  no build target for: C:\Users\Lenin\Desktop\Practicum-1.1\Practicum1.1\src\main\scala\data\ConexionDB.scala
2026.01.25 13:03:51 INFO  no build target found for C:\Users\Lenin\Desktop\Practicum-1.1\Practicum1.1\src\main\scala\data\ConexionDB.scala. Using presentation compiler with project's scala-library version: 3.3.7
2026.01.25 13:03:53 INFO  no build target found for C:\Users\Lenin\Desktop\Practicum-1.1\Practicum1.1\src\main\scala\data\ConexionDB.scala. Using presentation compiler with project's scala-library version: 3.3.7
2026.01.25 13:03:53 INFO  no build target found for C:\Users\Lenin\Desktop\Practicum-1.1\Practicum1.1\src\main\scala\data\ConexionDB.scala. Using presentation compiler with project's scala-library version: 3.3.7
2026.01.25 13:03:53 INFO  no build target found for C:\Users\Lenin\Desktop\Practicum-1.1\Practicum1.1\src\main\scala\data\ConexionDB.scala. Using presentation compiler with project's scala-library version: 3.3.7
2026.01.25 13:03:53 INFO  no build target found for C:\Users\Lenin\Desktop\Practicum-1.1\Practicum1.1\src\main\scala\data\ConexionDB.scala. Using presentation compiler with project's scala-library version: 3.3.7
2026.01.25 13:03:53 INFO  no build target found for C:\Users\Lenin\Desktop\Practicum-1.1\Practicum1.1\src\main\scala\data\ConexionDB.scala. Using presentation compiler with project's scala-library version: 3.3.7
2026.01.25 13:03:54 INFO  no build target found for C:\Users\Lenin\Desktop\Practicum-1.1\Practicum1.1\src\main\scala\data\ConexionDB.scala. Using presentation compiler with project's scala-library version: 3.3.7
2026.01.25 13:03:54 INFO  no build target found for C:\Users\Lenin\Desktop\Practicum-1.1\Practicum1.1\src\main\scala\data\ConexionDB.scala. Using presentation compiler with project's scala-library version: 3.3.7
2026.01.25 13:03:56 INFO  no build target found for C:\Users\Lenin\Desktop\Practicum-1.1\Practicum1.1\src\main\scala\data\ConexionDB.scala. Using presentation compiler with project's scala-library version: 3.3.7
2026.01.25 13:04:03 INFO  no build target found for C:\Users\Lenin\Desktop\Practicum-1.1\Practicum1.1\src\main\scala\data\ConexionDB.scala. Using presentation compiler with project's scala-library version: 3.3.7
2026.01.25 13:04:05 INFO  no build target found for C:\Users\Lenin\Desktop\Practicum-1.1\Practicum1.1\src\main\scala\data\ConexionDB.scala. Using presentation compiler with project's scala-library version: 3.3.7
2026.01.25 13:04:05 INFO  no build target found for C:\Users\Lenin\Desktop\Practicum-1.1\Practicum1.1\src\main\scala\data\ConexionDB.scala. Using presentation compiler with project's scala-library version: 3.3.7
2026.01.25 13:04:05 INFO  no build target found for C:\Users\Lenin\Desktop\Practicum-1.1\Practicum1.1\src\main\scala\data\ConexionDB.scala. Using presentation compiler with project's scala-library version: 3.3.7
2026.01.25 13:04:05 INFO  no build target found for C:\Users\Lenin\Desktop\Practicum-1.1\Practicum1.1\src\main\scala\data\ConexionDB.scala. Using presentation compiler with project's scala-library version: 3.3.7
2026.01.25 13:04:06 INFO  no build target found for C:\Users\Lenin\Desktop\Practicum-1.1\Practicum1.1\src\main\scala\data\ConexionDB.scala. Using presentation compiler with project's scala-library version: 3.3.7
2026.01.25 13:04:06 INFO  no build target found for C:\Users\Lenin\Desktop\Practicum-1.1\Practicum1.1\src\main\scala\data\ConexionDB.scala. Using presentation compiler with project's scala-library version: 3.3.7
2026.01.25 13:04:06 INFO  no build target found for C:\Users\Lenin\Desktop\Practicum-1.1\Practicum1.1\src\main\scala\data\ConexionDB.scala. Using presentation compiler with project's scala-library version: 3.3.7
2026.01.25 13:04:07 INFO  no build target found for C:\Users\Lenin\Desktop\Practicum-1.1\Practicum1.1\src\main\scala\data\ConexionDB.scala. Using presentation compiler with project's scala-library version: 3.3.7
2026.01.25 13:04:09 INFO  no build target found for C:\Users\Lenin\Desktop\Practicum-1.1\Practicum1.1\src\main\scala\data\ConexionDB.scala. Using presentation compiler with project's scala-library version: 3.3.7
2026.01.25 13:04:09 INFO  no build target found for C:\Users\Lenin\Desktop\Practicum-1.1\Practicum1.1\src\main\scala\data\ConexionDB.scala. Using presentation compiler with project's scala-library version: 3.3.7
2026.01.25 13:10:41 INFO  no build target found for C:\Users\Lenin\Desktop\Practicum-1.1\Practicum1.1\src\main\scala\data\ConexionDB.scala. Using presentation compiler with project's scala-library version: 3.3.7
2026.01.25 13:10:43 INFO  no build target found for C:\Users\Lenin\Desktop\Practicum-1.1\Practicum1.1\src\main\scala\data\ConexionDB.scala. Using presentation compiler with project's scala-library version: 3.3.7
2026.01.25 13:10:43 INFO  no build target found for C:\Users\Lenin\Desktop\Practicum-1.1\Practicum1.1\src\main\scala\data\ConexionDB.scala. Using presentation compiler with project's scala-library version: 3.3.7
2026.01.25 13:10:47 INFO  no build target found for C:\Users\Lenin\Desktop\Practicum-1.1\Practicum1.1\src\main\scala\data\ConexionDB.scala. Using presentation compiler with project's scala-library version: 3.3.7
2026.01.25 13:10:48 WARN  no build target for: C:\Users\Lenin\Desktop\Practicum-1.1\Practicum1.1\src\main\scala\data\ConexionDB.scala
2026.01.25 13:10:47 INFO  no build target found for C:\Users\Lenin\Desktop\Practicum-1.1\Practicum1.1\src\main\scala\data\ConexionDB.scala. Using presentation compiler with project's scala-library version: 3.3.7
2026.01.25 13:10:47 INFO  no build target found for C:\Users\Lenin\Desktop\Practicum-1.1\Practicum1.1\src\main\scala\data\ConexionDB.scala. Using presentation compiler with project's scala-library version: 3.3.7
2026.01.25 13:53:08 INFO  no build target found for C:\Users\Lenin\Desktop\Practicum-1.1\Practicum1.1\src\main\scala\data\LecturaCSV.scala. Using presentation compiler with project's scala-library version: 3.3.7
ene 25, 2026 1:53:09 P. M. org.eclipse.lsp4j.jsonrpc.RemoteEndpoint handleCancellation
WARNING: Unmatched cancel notification for request id 83
2026.01.25 13:53:08 INFO  no build target found for C:\Users\Lenin\Desktop\Practicum-1.1\Practicum1.1\src\main\scala\data\LecturaCSV.scala. Using presentation compiler with project's scala-library version: 3.3.7
2026.01.25 13:53:08 INFO  no build target found for C:\Users\Lenin\Desktop\Practicum-1.1\Practicum1.1\src\main\scala\data\LecturaCSV.scala. Using presentation compiler with project's scala-library version: 3.3.7
ene 25, 2026 1:53:09 P. M. org.eclipse.lsp4j.jsonrpc.RemoteEndpoint handleCancellation
WARNING: Unmatched cancel notification for request id 88
2026.01.25 13:53:08 INFO  no build target found for C:\Users\Lenin\Desktop\Practicum-1.1\Practicum1.1\src\main\scala\data\LecturaCSV.scala. Using presentation compiler with project's scala-library version: 3.3.7
2026.01.25 13:53:09 INFO  no build target found for C:\Users\Lenin\Desktop\Practicum-1.1\Practicum1.1\src\main\scala\data\LecturaCSV.scala. Using presentation compiler with project's scala-library version: 3.3.7
2026.01.25 13:53:09 INFO  no build target found for C:\Users\Lenin\Desktop\Practicum-1.1\Practicum1.1\src\main\scala\data\LecturaCSV.scala. Using presentation compiler with project's scala-library version: 3.3.7
2026.01.25 13:53:09 INFO  no build target found for C:\Users\Lenin\Desktop\Practicum-1.1\Practicum1.1\src\main\scala\data\LecturaCSV.scala. Using presentation compiler with project's scala-library version: 3.3.7
2026.01.25 13:53:10 INFO  no build target found for C:\Users\Lenin\Desktop\Practicum-1.1\Practicum1.1\src\main\scala\data\LecturaCSV.scala. Using presentation compiler with project's scala-library version: 3.3.7
2026.01.25 13:53:10 INFO  no build target found for C:\Users\Lenin\Desktop\Practicum-1.1\Practicum1.1\src\main\scala\data\LecturaCSV.scala. Using presentation compiler with project's scala-library version: 3.3.7
2026.01.25 13:53:11 INFO  no build target found for C:\Users\Lenin\Desktop\Practicum-1.1\Practicum1.1\src\main\scala\data\LecturaCSV.scala. Using presentation compiler with project's scala-library version: 3.3.7
2026.01.25 13:53:10 INFO  no build target found for C:\Users\Lenin\Desktop\Practicum-1.1\Practicum1.1\src\main\scala\data\LecturaCSV.scala. Using presentation compiler with project's scala-library version: 3.3.7
2026.01.25 13:53:11 INFO  Created report: Optional[file:///C:/Users/Lenin/Desktop/Practicum-1.1/Practicum1.1/src/main/scala/data/LecturaCSV.scala]
2026.01.25 13:53:11 INFO  empty definition using pc, found symbol in pc:  (full report at: "C:\Users\Lenin\Desktop\Practicum-1.1\Practicum1.1\.metals\.reports\metals-full\2026-01-25\r_empty-definition_13-53-11-674.md")
2026.01.25 13:53:10 INFO  no build target found for C:\Users\Lenin\Desktop\Practicum-1.1\Practicum1.1\src\main\scala\data\LecturaCSV.scala. Using presentation compiler with project's scala-library version: 3.3.7
2026.01.25 13:53:14 INFO  no build target found for C:\Users\Lenin\Desktop\Practicum-1.1\Practicum1.1\src\main\scala\data\LecturaCSV.scala. Using presentation compiler with project's scala-library version: 3.3.7
2026.01.25 13:53:30 INFO  no build target found for C:\Users\Lenin\Desktop\Practicum-1.1\Practicum1.1\src\main\scala\data\LecturaCSV.scala. Using presentation compiler with project's scala-library version: 3.3.7
2026.01.25 13:53:34 INFO  no build target found for C:\Users\Lenin\Desktop\Practicum-1.1\Practicum1.1\src\main\scala\data\LecturaCSV.scala. Using presentation compiler with project's scala-library version: 3.3.7
2026.01.25 13:53:36 INFO  no build target found for C:\Users\Lenin\Desktop\Practicum-1.1\Practicum1.1\src\main\scala\data\LecturaCSV.scala. Using presentation compiler with project's scala-library version: 3.3.7
2026.01.25 13:53:36 INFO  no build target found for C:\Users\Lenin\Desktop\Practicum-1.1\Practicum1.1\src\main\scala\data\LecturaCSV.scala. Using presentation compiler with project's scala-library version: 3.3.7
2026.01.25 13:53:37 INFO  no build target found for C:\Users\Lenin\Desktop\Practicum-1.1\Practicum1.1\src\main\scala\data\LecturaCSV.scala. Using presentation compiler with project's scala-library version: 3.3.7
2026.01.25 13:53:37 INFO  no build target found for C:\Users\Lenin\Desktop\Practicum-1.1\Practicum1.1\src\main\scala\data\LecturaCSV.scala. Using presentation compiler with project's scala-library version: 3.3.7
2026.01.25 13:53:38 INFO  no build target found for C:\Users\Lenin\Desktop\Practicum-1.1\Practicum1.1\src\main\scala\data\LecturaCSV.scala. Using presentation compiler with project's scala-library version: 3.3.7
2026.01.25 13:53:41 INFO  no build target found for C:\Users\Lenin\Desktop\Practicum-1.1\Practicum1.1\src\main\scala\data\LecturaCSV.scala. Using presentation compiler with project's scala-library version: 3.3.7
2026.01.25 13:53:41 INFO  no build target found for C:\Users\Lenin\Desktop\Practicum-1.1\Practicum1.1\src\main\scala\data\LecturaCSV.scala. Using presentation compiler with project's scala-library version: 3.3.7
2026.01.25 13:53:41 INFO  no build target found for C:\Users\Lenin\Desktop\Practicum-1.1\Practicum1.1\src\main\scala\data\LecturaCSV.scala. Using presentation compiler with project's scala-library version: 3.3.7
2026.01.25 13:53:41 INFO  no build target found for C:\Users\Lenin\Desktop\Practicum-1.1\Practicum1.1\src\main\scala\data\LecturaCSV.scala. Using presentation compiler with project's scala-library version: 3.3.7
2026.01.25 13:53:41 INFO  no build target found for C:\Users\Lenin\Desktop\Practicum-1.1\Practicum1.1\src\main\scala\data\LecturaCSV.scala. Using presentation compiler with project's scala-library version: 3.3.7
2026.01.25 13:53:42 INFO  no build target found for C:\Users\Lenin\Desktop\Practicum-1.1\Practicum1.1\src\main\scala\data\LecturaCSV.scala. Using presentation compiler with project's scala-library version: 3.3.7
2026.01.25 13:53:42 INFO  no build target found for C:\Users\Lenin\Desktop\Practicum-1.1\Practicum1.1\src\main\scala\data\LecturaCSV.scala. Using presentation compiler with project's scala-library version: 3.3.7
2026.01.25 13:53:42 INFO  no build target found for C:\Users\Lenin\Desktop\Practicum-1.1\Practicum1.1\src\main\scala\data\LecturaCSV.scala. Using presentation compiler with project's scala-library version: 3.3.7
2026.01.25 13:53:42 INFO  no build target found for C:\Users\Lenin\Desktop\Practicum-1.1\Practicum1.1\src\main\scala\data\LecturaCSV.scala. Using presentation compiler with project's scala-library version: 3.3.7
2026.01.25 13:53:42 INFO  no build target found for C:\Users\Lenin\Desktop\Practicum-1.1\Practicum1.1\src\main\scala\data\LecturaCSV.scala. Using presentation compiler with project's scala-library version: 3.3.7
2026.01.25 13:53:42 INFO  no build target found for C:\Users\Lenin\Desktop\Practicum-1.1\Practicum1.1\src\main\scala\data\LecturaCSV.scala. Using presentation compiler with project's scala-library version: 3.3.7
2026.01.25 13:53:42 INFO  no build target found for C:\Users\Lenin\Desktop\Practicum-1.1\Practicum1.1\src\main\scala\data\LecturaCSV.scala. Using presentation compiler with project's scala-library version: 3.3.7
2026.01.25 13:53:42 INFO  no build target found for C:\Users\Lenin\Desktop\Practicum-1.1\Practicum1.1\src\main\scala\data\LecturaCSV.scala. Using presentation compiler with project's scala-library version: 3.3.7
2026.01.25 13:53:45 INFO  no build target found for C:\Users\Lenin\Desktop\Practicum-1.1\Practicum1.1\src\main\scala\data\LecturaCSV.scala. Using presentation compiler with project's scala-library version: 3.3.7
2026.01.25 13:53:45 INFO  no build target found for C:\Users\Lenin\Desktop\Practicum-1.1\Practicum1.1\src\main\scala\data\LecturaCSV.scala. Using presentation compiler with project's scala-library version: 3.3.7
2026.01.25 13:53:45 INFO  no build target found for C:\Users\Lenin\Desktop\Practicum-1.1\Practicum1.1\src\main\scala\data\LecturaCSV.scala. Using presentation compiler with project's scala-library version: 3.3.7
2026.01.25 13:53:46 INFO  no build target found for C:\Users\Lenin\Desktop\Practicum-1.1\Practicum1.1\src\main\scala\data\LecturaCSV.scala. Using presentation compiler with project's scala-library version: 3.3.7
2026.01.25 13:53:49 INFO  no build target found for C:\Users\Lenin\Desktop\Practicum-1.1\Practicum1.1\src\main\scala\data\LecturaCSV.scala. Using presentation compiler with project's scala-library version: 3.3.7
2026.01.25 13:53:50 INFO  no build target found for C:\Users\Lenin\Desktop\Practicum-1.1\Practicum1.1\src\main\scala\data\LecturaCSV.scala. Using presentation compiler with project's scala-library version: 3.3.7
2026.01.25 13:53:50 INFO  no build target found for C:\Users\Lenin\Desktop\Practicum-1.1\Practicum1.1\src\main\scala\data\LecturaCSV.scala. Using presentation compiler with project's scala-library version: 3.3.7
2026.01.25 13:53:50 INFO  no build target found for C:\Users\Lenin\Desktop\Practicum-1.1\Practicum1.1\src\main\scala\data\LecturaCSV.scala. Using presentation compiler with project's scala-library version: 3.3.7
2026.01.25 13:53:50 INFO  no build target found for C:\Users\Lenin\Desktop\Practicum-1.1\Practicum1.1\src\main\scala\data\LecturaCSV.scala. Using presentation compiler with project's scala-library version: 3.3.7
2026.01.25 13:53:51 INFO  no build target found for C:\Users\Lenin\Desktop\Practicum-1.1\Practicum1.1\src\main\scala\data\LecturaCSV.scala. Using presentation compiler with project's scala-library version: 3.3.7
2026.01.25 13:53:52 INFO  no build target found for C:\Users\Lenin\Desktop\Practicum-1.1\Practicum1.1\src\main\scala\data\LecturaCSV.scala. Using presentation compiler with project's scala-library version: 3.3.7
2026.01.25 13:53:52 INFO  no build target found for C:\Users\Lenin\Desktop\Practicum-1.1\Practicum1.1\src\main\scala\data\LecturaCSV.scala. Using presentation compiler with project's scala-library version: 3.3.7
2026.01.25 13:53:53 INFO  no build target found for C:\Users\Lenin\Desktop\Practicum-1.1\Practicum1.1\src\main\scala\data\LecturaCSV.scala. Using presentation compiler with project's scala-library version: 3.3.7
2026.01.25 13:53:53 INFO  no build target found for C:\Users\Lenin\Desktop\Practicum-1.1\Practicum1.1\src\main\scala\data\LecturaCSV.scala. Using presentation compiler with project's scala-library version: 3.3.7
2026.01.25 13:53:53 INFO  no build target found for C:\Users\Lenin\Desktop\Practicum-1.1\Practicum1.1\src\main\scala\data\LecturaCSV.scala. Using presentation compiler with project's scala-library version: 3.3.7
2026.01.25 13:53:53 INFO  no build target found for C:\Users\Lenin\Desktop\Practicum-1.1\Practicum1.1\src\main\scala\data\LecturaCSV.scala. Using presentation compiler with project's scala-library version: 3.3.7
2026.01.25 13:53:53 INFO  no build target found for C:\Users\Lenin\Desktop\Practicum-1.1\Practicum1.1\src\main\scala\data\LecturaCSV.scala. Using presentation compiler with project's scala-library version: 3.3.7
2026.01.25 13:53:53 INFO  no build target found for C:\Users\Lenin\Desktop\Practicum-1.1\Practicum1.1\src\main\scala\data\LecturaCSV.scala. Using presentation compiler with project's scala-library version: 3.3.7
2026.01.25 13:53:53 INFO  no build target found for C:\Users\Lenin\Desktop\Practicum-1.1\Practicum1.1\src\main\scala\data\LecturaCSV.scala. Using presentation compiler with project's scala-library version: 3.3.7
2026.01.25 13:53:53 INFO  no build target found for C:\Users\Lenin\Desktop\Practicum-1.1\Practicum1.1\src\main\scala\data\LecturaCSV.scala. Using presentation compiler with project's scala-library version: 3.3.7
2026.01.25 13:53:54 INFO  no build target found for C:\Users\Lenin\Desktop\Practicum-1.1\Practicum1.1\src\main\scala\data\LecturaCSV.scala. Using presentation compiler with project's scala-library version: 3.3.7
2026.01.25 13:53:54 INFO  no build target found for C:\Users\Lenin\Desktop\Practicum-1.1\Practicum1.1\src\main\scala\data\LecturaCSV.scala. Using presentation compiler with project's scala-library version: 3.3.7
2026.01.25 13:53:54 INFO  no build target found for C:\Users\Lenin\Desktop\Practicum-1.1\Practicum1.1\src\main\scala\data\LecturaCSV.scala. Using presentation compiler with project's scala-library version: 3.3.7
2026.01.25 13:53:54 INFO  no build target found for C:\Users\Lenin\Desktop\Practicum-1.1\Practicum1.1\src\main\scala\data\LecturaCSV.scala. Using presentation compiler with project's scala-library version: 3.3.7
2026.01.25 13:53:54 INFO  no build target found for C:\Users\Lenin\Desktop\Practicum-1.1\Practicum1.1\src\main\scala\data\LecturaCSV.scala. Using presentation compiler with project's scala-library version: 3.3.7
2026.01.25 13:53:54 INFO  no build target found for C:\Users\Lenin\Desktop\Practicum-1.1\Practicum1.1\src\main\scala\data\LecturaCSV.scala. Using presentation compiler with project's scala-library version: 3.3.7
2026.01.25 13:53:54 INFO  no build target found for C:\Users\Lenin\Desktop\Practicum-1.1\Practicum1.1\src\main\scala\data\LecturaCSV.scala. Using presentation compiler with project's scala-library version: 3.3.7
2026.01.25 13:53:54 INFO  no build target found for C:\Users\Lenin\Desktop\Practicum-1.1\Practicum1.1\src\main\scala\data\LecturaCSV.scala. Using presentation compiler with project's scala-library version: 3.3.7
2026.01.25 13:53:58 INFO  no build target found for C:\Users\Lenin\Desktop\Practicum-1.1\Practicum1.1\src\main\scala\data\LecturaCSV.scala. Using presentation compiler with project's scala-library version: 3.3.7
2026.01.25 13:54:03 INFO  no build target found for C:\Users\Lenin\Desktop\Practicum-1.1\Practicum1.1\src\main\scala\data\LecturaCSV.scala. Using presentation compiler with project's scala-library version: 3.3.7
2026.01.25 13:56:59 INFO  no build target found for C:\Users\Lenin\Desktop\Practicum-1.1\Practicum1.1\src\main\scala\data\LecturaCSV.scala. Using presentation compiler with project's scala-library version: 3.3.7
2026.01.25 14:00:14 INFO  no build target found for C:\Users\Lenin\Desktop\Practicum-1.1\Practicum1.1\src\main\scala\data\LecturaCSV.scala. Using presentation compiler with project's scala-library version: 3.3.7
2026.01.25 14:00:14 WARN  no build target for: C:\Users\Lenin\Desktop\Practicum-1.1\Practicum1.1\src\main\scala\data\LecturaCSV.scala
2026.01.25 14:00:14 INFO  no build target found for C:\Users\Lenin\Desktop\Practicum-1.1\Practicum1.1\src\main\scala\data\LecturaCSV.scala. Using presentation compiler with project's scala-library version: 3.3.7
2026.01.25 14:00:15 INFO  no build target found for C:\Users\Lenin\Desktop\Practicum-1.1\Practicum1.1\src\main\scala\data\LecturaCSV.scala. Using presentation compiler with project's scala-library version: 3.3.7
2026.01.25 14:00:15 INFO  no build target found for C:\Users\Lenin\Desktop\Practicum-1.1\Practicum1.1\src\main\scala\data\LecturaCSV.scala. Using presentation compiler with project's scala-library version: 3.3.7
2026.01.25 14:00:15 INFO  no build target found for C:\Users\Lenin\Desktop\Practicum-1.1\Practicum1.1\src\main\scala\data\LecturaCSV.scala. Using presentation compiler with project's scala-library version: 3.3.7
2026.01.25 14:00:15 INFO  no build target found for C:\Users\Lenin\Desktop\Practicum-1.1\Practicum1.1\src\main\scala\data\LecturaCSV.scala. Using presentation compiler with project's scala-library version: 3.3.7
2026.01.25 14:00:17 INFO  no build target found for C:\Users\Lenin\Desktop\Practicum-1.1\Practicum1.1\src\main\scala\data\LecturaCSV.scala. Using presentation compiler with project's scala-library version: 3.3.7
2026.01.25 14:00:17 INFO  no build target found for C:\Users\Lenin\Desktop\Practicum-1.1\Practicum1.1\src\main\scala\data\LecturaCSV.scala. Using presentation compiler with project's scala-library version: 3.3.7
2026.01.25 14:00:17 INFO  no build target found for C:\Users\Lenin\Desktop\Practicum-1.1\Practicum1.1\src\main\scala\data\LecturaCSV.scala. Using presentation compiler with project's scala-library version: 3.3.7
2026.01.25 14:00:17 INFO  no build target found for C:\Users\Lenin\Desktop\Practicum-1.1\Practicum1.1\src\main\scala\data\LecturaCSV.scala. Using presentation compiler with project's scala-library version: 3.3.7
2026.01.25 14:09:38 INFO  no build target found for C:\Users\Lenin\Desktop\Practicum-1.1\Practicum1.1\src\main\scala\data\LecturaCSV.scala. Using presentation compiler with project's scala-library version: 3.3.7
2026.01.25 14:09:38 WARN  no build target for: C:\Users\Lenin\Desktop\Practicum-1.1\Practicum1.1\src\main\scala\data\LecturaCSV.scala
2026.01.25 14:09:38 INFO  no build target found for C:\Users\Lenin\Desktop\Practicum-1.1\Practicum1.1\src\main\scala\data\LecturaCSV.scala. Using presentation compiler with project's scala-library version: 3.3.7
2026.01.25 14:09:39 INFO  no build target found for C:\Users\Lenin\Desktop\Practicum-1.1\Practicum1.1\src\main\scala\data\LecturaCSV.scala. Using presentation compiler with project's scala-library version: 3.3.7
2026.01.25 14:09:39 INFO  no build target found for C:\Users\Lenin\Desktop\Practicum-1.1\Practicum1.1\src\main\scala\data\LecturaCSV.scala. Using presentation compiler with project's scala-library version: 3.3.7
2026.01.25 14:09:39 INFO  no build target found for C:\Users\Lenin\Desktop\Practicum-1.1\Practicum1.1\src\main\scala\data\LecturaCSV.scala. Using presentation compiler with project's scala-library version: 3.3.7
2026.01.25 14:09:40 INFO  no build target found for C:\Users\Lenin\Desktop\Practicum-1.1\Practicum1.1\src\main\scala\data\LecturaCSV.scala. Using presentation compiler with project's scala-library version: 3.3.7
2026.01.25 14:09:40 INFO  no build target found for C:\Users\Lenin\Desktop\Practicum-1.1\Practicum1.1\src\main\scala\data\LecturaCSV.scala. Using presentation compiler with project's scala-library version: 3.3.7
2026.01.25 14:09:40 INFO  no build target found for C:\Users\Lenin\Desktop\Practicum-1.1\Practicum1.1\src\main\scala\data\LecturaCSV.scala. Using presentation compiler with project's scala-library version: 3.3.7
2026.01.25 14:09:40 INFO  no build target found for C:\Users\Lenin\Desktop\Practicum-1.1\Practicum1.1\src\main\scala\data\LecturaCSV.scala. Using presentation compiler with project's scala-library version: 3.3.7
2026.01.25 14:09:40 INFO  no build target found for C:\Users\Lenin\Desktop\Practicum-1.1\Practicum1.1\src\main\scala\data\LecturaCSV.scala. Using presentation compiler with project's scala-library version: 3.3.7
2026.01.25 14:09:40 INFO  Created report: Optional[file:///C:/Users/Lenin/Desktop/Practicum-1.1/Practicum1.1/src/main/scala/data/LecturaCSV.scala]
2026.01.25 14:09:40 INFO  empty definition using pc, found symbol in pc:  (full report at: "C:\Users\Lenin\Desktop\Practicum-1.1\Practicum1.1\.metals\.reports\metals-full\2026-01-25\r_empty-definition_14-09-40-910.md")
2026.01.25 14:09:41 INFO  no build target found for C:\Users\Lenin\Desktop\Practicum-1.1\Practicum1.1\src\main\scala\data\LecturaCSV.scala. Using presentation compiler with project's scala-library version: 3.3.7
2026.01.25 14:09:41 INFO  no build target found for C:\Users\Lenin\Desktop\Practicum-1.1\Practicum1.1\src\main\scala\data\LecturaCSV.scala. Using presentation compiler with project's scala-library version: 3.3.7
2026.01.25 14:09:41 INFO  no build target found for C:\Users\Lenin\Desktop\Practicum-1.1\Practicum1.1\src\main\scala\data\LecturaCSV.scala. Using presentation compiler with project's scala-library version: 3.3.7
2026.01.25 14:09:41 INFO  no build target found for C:\Users\Lenin\Desktop\Practicum-1.1\Practicum1.1\src\main\scala\data\LecturaCSV.scala. Using presentation compiler with project's scala-library version: 3.3.7
2026.01.25 14:09:41 INFO  no build target found for C:\Users\Lenin\Desktop\Practicum-1.1\Practicum1.1\src\main\scala\data\LecturaCSV.scala. Using presentation compiler with project's scala-library version: 3.3.7
2026.01.25 14:09:42 INFO  no build target found for C:\Users\Lenin\Desktop\Practicum-1.1\Practicum1.1\src\main\scala\data\LecturaCSV.scala. Using presentation compiler with project's scala-library version: 3.3.7
2026.01.25 14:09:45 INFO  no build target found for C:\Users\Lenin\Desktop\Practicum-1.1\Practicum1.1\src\main\scala\data\LecturaCSV.scala. Using presentation compiler with project's scala-library version: 3.3.7
2026.01.25 14:09:45 INFO  no build target found for C:\Users\Lenin\Desktop\Practicum-1.1\Practicum1.1\src\main\scala\data\LecturaCSV.scala. Using presentation compiler with project's scala-library version: 3.3.7
2026.01.25 14:09:49 INFO  no build target found for C:\Users\Lenin\Desktop\Practicum-1.1\Practicum1.1\src\main\scala\data\LecturaCSV.scala. Using presentation compiler with project's scala-library version: 3.3.7
2026.01.25 14:14:25 INFO  no build target found for C:\Users\Lenin\Desktop\Practicum-1.1\Practicum1.1\src\main\scala\data\LecturaCSV.scala. Using presentation compiler with project's scala-library version: 3.3.7
2026.01.25 14:14:30 INFO  no build target found for C:\Users\Lenin\Desktop\Practicum-1.1\Practicum1.1\src\main\scala\data\LecturaCSV.scala. Using presentation compiler with project's scala-library version: 3.3.7
2026.01.25 14:14:30 WARN  no build target for: C:\Users\Lenin\Desktop\Practicum-1.1\Practicum1.1\src\main\scala\data\LecturaCSV.scala
2026.01.25 14:14:30 INFO  no build target found for C:\Users\Lenin\Desktop\Practicum-1.1\Practicum1.1\src\main\scala\data\LecturaCSV.scala. Using presentation compiler with project's scala-library version: 3.3.7
2026.01.25 14:14:32 INFO  no build target found for C:\Users\Lenin\Desktop\Practicum-1.1\Practicum1.1\src\main\scala\data\LecturaCSV.scala. Using presentation compiler with project's scala-library version: 3.3.7
2026.01.25 14:14:32 INFO  no build target found for C:\Users\Lenin\Desktop\Practicum-1.1\Practicum1.1\src\main\scala\data\LecturaCSV.scala. Using presentation compiler with project's scala-library version: 3.3.7
2026.01.25 14:14:37 INFO  no build target found for C:\Users\Lenin\Desktop\Practicum-1.1\Practicum1.1\src\main\scala\data\LecturaCSV.scala. Using presentation compiler with project's scala-library version: 3.3.7
2026.01.25 14:14:49 INFO  no build target found for C:\Users\Lenin\Desktop\Practicum-1.1\Practicum1.1\src\main\scala\data\LecturaCSV.scala. Using presentation compiler with project's scala-library version: 3.3.7
2026.01.25 14:14:49 INFO  no build target found for C:\Users\Lenin\Desktop\Practicum-1.1\Practicum1.1\src\main\scala\data\LecturaCSV.scala. Using presentation compiler with project's scala-library version: 3.3.7
2026.01.25 14:14:51 INFO  no build target found for C:\Users\Lenin\Desktop\Practicum-1.1\Practicum1.1\src\main\scala\data\LecturaCSV.scala. Using presentation compiler with project's scala-library version: 3.3.7
2026.01.25 14:14:52 INFO  no build target found for C:\Users\Lenin\Desktop\Practicum-1.1\Practicum1.1\src\main\scala\data\LecturaCSV.scala. Using presentation compiler with project's scala-library version: 3.3.7
2026.01.25 14:14:53 INFO  no build target found for C:\Users\Lenin\Desktop\Practicum-1.1\Practicum1.1\src\main\scala\data\LecturaCSV.scala. Using presentation compiler with project's scala-library version: 3.3.7
2026.01.25 14:14:55 INFO  no build target found for C:\Users\Lenin\Desktop\Practicum-1.1\Practicum1.1\src\main\scala\data\LecturaCSV.scala. Using presentation compiler with project's scala-library version: 3.3.7
2026.01.25 14:15:05 INFO  no build target found for C:\Users\Lenin\Desktop\Practicum-1.1\Practicum1.1\src\main\scala\data\LecturaCSV.scala. Using presentation compiler with project's scala-library version: 3.3.7
2026.01.25 14:15:05 INFO  no build target found for C:\Users\Lenin\Desktop\Practicum-1.1\Practicum1.1\src\main\scala\data\LecturaCSV.scala. Using presentation compiler with project's scala-library version: 3.3.7
2026.01.25 14:15:12 INFO  no build target found for C:\Users\Lenin\Desktop\Practicum-1.1\Practicum1.1\src\main\scala\data\LecturaCSV.scala. Using presentation compiler with project's scala-library version: 3.3.7
2026.01.25 14:15:12 INFO  no build target found for C:\Users\Lenin\Desktop\Practicum-1.1\Practicum1.1\src\main\scala\data\LecturaCSV.scala. Using presentation compiler with project's scala-library version: 3.3.7
2026.01.25 14:15:13 INFO  no build target found for C:\Users\Lenin\Desktop\Practicum-1.1\Practicum1.1\src\main\scala\data\LecturaCSV.scala. Using presentation compiler with project's scala-library version: 3.3.7
2026.01.25 14:15:13 INFO  no build target found for C:\Users\Lenin\Desktop\Practicum-1.1\Practicum1.1\src\main\scala\data\LecturaCSV.scala. Using presentation compiler with project's scala-library version: 3.3.7
2026.01.25 14:15:13 INFO  no build target found for C:\Users\Lenin\Desktop\Practicum-1.1\Practicum1.1\src\main\scala\data\LecturaCSV.scala. Using presentation compiler with project's scala-library version: 3.3.7
2026.01.25 14:15:13 INFO  no build target found for C:\Users\Lenin\Desktop\Practicum-1.1\Practicum1.1\src\main\scala\data\LecturaCSV.scala. Using presentation compiler with project's scala-library version: 3.3.7
2026.01.25 14:15:16 INFO  no build target found for C:\Users\Lenin\Desktop\Practicum-1.1\Practicum1.1\src\main\scala\data\LecturaCSV.scala. Using presentation compiler with project's scala-library version: 3.3.7
2026.01.25 14:15:16 INFO  no build target found for C:\Users\Lenin\Desktop\Practicum-1.1\Practicum1.1\src\main\scala\data\LecturaCSV.scala. Using presentation compiler with project's scala-library version: 3.3.7
2026.01.25 14:15:16 INFO  no build target found for C:\Users\Lenin\Desktop\Practicum-1.1\Practicum1.1\src\main\scala\data\LecturaCSV.scala. Using presentation compiler with project's scala-library version: 3.3.7
2026.01.25 14:15:16 INFO  no build target found for C:\Users\Lenin\Desktop\Practicum-1.1\Practicum1.1\src\main\scala\data\LecturaCSV.scala. Using presentation compiler with project's scala-library version: 3.3.7
2026.01.25 14:15:21 INFO  no build target found for C:\Users\Lenin\Desktop\Practicum-1.1\Practicum1.1\src\main\scala\data\LecturaCSV.scala. Using presentation compiler with project's scala-library version: 3.3.7
2026.01.25 14:15:21 INFO  no build target found for C:\Users\Lenin\Desktop\Practicum-1.1\Practicum1.1\src\main\scala\data\LecturaCSV.scala. Using presentation compiler with project's scala-library version: 3.3.7
2026.01.25 14:15:37 INFO  no build target found for C:\Users\Lenin\Desktop\Practicum-1.1\Practicum1.1\src\main\scala\data\LecturaCSV.scala. Using presentation compiler with project's scala-library version: 3.3.7
2026.01.25 14:16:59 INFO  no build target found for C:\Users\Lenin\Desktop\Practicum-1.1\Practicum1.1\src\main\scala\data\LecturaCSV.scala. Using presentation compiler with project's scala-library version: 3.3.7
2026.01.25 14:19:24 INFO  no build target found for C:\Users\Lenin\Desktop\Practicum-1.1\Practicum1.1\src\main\scala\data\LecturaCSV.scala. Using presentation compiler with project's scala-library version: 3.3.7
2026.01.25 14:25:42 INFO  no build target found for C:\Users\Lenin\Desktop\Practicum-1.1\Practicum1.1\src\main\scala\data\LecturaCSV.scala. Using presentation compiler with project's scala-library version: 3.3.7
2026.01.25 14:25:43 INFO  no build target found for C:\Users\Lenin\Desktop\Practicum-1.1\Practicum1.1\src\main\scala\data\LecturaCSV.scala. Using presentation compiler with project's scala-library version: 3.3.7
2026.01.25 14:25:43 WARN  no build target for: C:\Users\Lenin\Desktop\Practicum-1.1\Practicum1.1\src\main\scala\data\LecturaCSV.scala
2026.01.25 14:25:42 INFO  no build target found for C:\Users\Lenin\Desktop\Practicum-1.1\Practicum1.1\src\main\scala\data\LecturaCSV.scala. Using presentation compiler with project's scala-library version: 3.3.7
2026.01.25 14:25:46 INFO  no build target found for C:\Users\Lenin\Desktop\Practicum-1.1\Practicum1.1\src\main\scala\data\LecturaCSV.scala. Using presentation compiler with project's scala-library version: 3.3.7
2026.01.25 14:25:46 INFO  no build target found for C:\Users\Lenin\Desktop\Practicum-1.1\Practicum1.1\src\main\scala\data\LecturaCSV.scala. Using presentation compiler with project's scala-library version: 3.3.7
2026.01.25 14:25:48 INFO  no build target found for C:\Users\Lenin\Desktop\Practicum-1.1\Practicum1.1\src\main\scala\data\LecturaCSV.scala. Using presentation compiler with project's scala-library version: 3.3.7
2026.01.25 14:25:56 INFO  no build target found for C:\Users\Lenin\Desktop\Practicum-1.1\Practicum1.1\src\main\scala\data\LecturaCSV.scala. Using presentation compiler with project's scala-library version: 3.3.7
2026.01.25 14:25:56 INFO  no build target found for C:\Users\Lenin\Desktop\Practicum-1.1\Practicum1.1\src\main\scala\data\LecturaCSV.scala. Using presentation compiler with project's scala-library version: 3.3.7
2026.01.25 14:25:57 INFO  no build target found for C:\Users\Lenin\Desktop\Practicum-1.1\Practicum1.1\src\main\scala\data\LecturaCSV.scala. Using presentation compiler with project's scala-library version: 3.3.7
2026.01.25 14:26:00 INFO  no build target found for C:\Users\Lenin\Desktop\Practicum-1.1\Practicum1.1\src\main\scala\data\LecturaCSV.scala. Using presentation compiler with project's scala-library version: 3.3.7
2026.01.25 14:26:00 INFO  no build target found for C:\Users\Lenin\Desktop\Practicum-1.1\Practicum1.1\src\main\scala\data\LecturaCSV.scala. Using presentation compiler with project's scala-library version: 3.3.7
2026.01.25 14:26:03 INFO  no build target found for C:\Users\Lenin\Desktop\Practicum-1.1\Practicum1.1\src\main\scala\data\LecturaCSV.scala. Using presentation compiler with project's scala-library version: 3.3.7
2026.01.25 14:26:04 INFO  no build target found for C:\Users\Lenin\Desktop\Practicum-1.1\Practicum1.1\src\main\scala\data\LecturaCSV.scala. Using presentation compiler with project's scala-library version: 3.3.7
2026.01.25 14:26:09 INFO  no build target found for C:\Users\Lenin\Desktop\Practicum-1.1\Practicum1.1\src\main\scala\data\LecturaCSV.scala. Using presentation compiler with project's scala-library version: 3.3.7
2026.01.25 14:26:10 WARN  no build target for: C:\Users\Lenin\Desktop\Practicum-1.1\Practicum1.1\src\main\scala\data\LecturaCSV.scala
2026.01.25 14:26:11 INFO  no build target found for C:\Users\Lenin\Desktop\Practicum-1.1\Practicum1.1\src\main\scala\data\LecturaCSV.scala. Using presentation compiler with project's scala-library version: 3.3.7
2026.01.25 14:26:11 INFO  no build target found for C:\Users\Lenin\Desktop\Practicum-1.1\Practicum1.1\src\main\scala\data\LecturaCSV.scala. Using presentation compiler with project's scala-library version: 3.3.7
2026.01.25 14:26:11 INFO  no build target found for C:\Users\Lenin\Desktop\Practicum-1.1\Practicum1.1\src\main\scala\data\LecturaCSV.scala. Using presentation compiler with project's scala-library version: 3.3.7
2026.01.25 14:26:14 INFO  no build target found for C:\Users\Lenin\Desktop\Practicum-1.1\Practicum1.1\src\main\scala\data\LecturaCSV.scala. Using presentation compiler with project's scala-library version: 3.3.7
2026.01.25 14:26:14 WARN  no build target for: C:\Users\Lenin\Desktop\Practicum-1.1\Practicum1.1\src\main\scala\data\LecturaCSV.scala
2026.01.25 14:26:14 INFO  no build target found for C:\Users\Lenin\Desktop\Practicum-1.1\Practicum1.1\src\main\scala\data\LecturaCSV.scala. Using presentation compiler with project's scala-library version: 3.3.7
2026.01.25 14:26:14 INFO  no build target found for C:\Users\Lenin\Desktop\Practicum-1.1\Practicum1.1\src\main\scala\data\LecturaCSV.scala. Using presentation compiler with project's scala-library version: 3.3.7
2026.01.25 14:26:16 INFO  no build target found for C:\Users\Lenin\Desktop\Practicum-1.1\Practicum1.1\src\main\scala\data\LecturaCSV.scala. Using presentation compiler with project's scala-library version: 3.3.7
2026.01.25 14:26:16 INFO  no build target found for C:\Users\Lenin\Desktop\Practicum-1.1\Practicum1.1\src\main\scala\data\LecturaCSV.scala. Using presentation compiler with project's scala-library version: 3.3.7
2026.01.25 14:26:16 INFO  no build target found for C:\Users\Lenin\Desktop\Practicum-1.1\Practicum1.1\src\main\scala\data\LecturaCSV.scala. Using presentation compiler with project's scala-library version: 3.3.7
2026.01.25 14:26:16 INFO  no build target found for C:\Users\Lenin\Desktop\Practicum-1.1\Practicum1.1\src\main\scala\data\LecturaCSV.scala. Using presentation compiler with project's scala-library version: 3.3.7
2026.01.25 14:26:17 INFO  no build target found for C:\Users\Lenin\Desktop\Practicum-1.1\Practicum1.1\src\main\scala\data\LecturaCSV.scala. Using presentation compiler with project's scala-library version: 3.3.7
2026.01.25 14:26:17 INFO  Created report: Optional[file:///C:/Users/Lenin/Desktop/Practicum-1.1/Practicum1.1/src/main/scala/data/LecturaCSV.scala]
2026.01.25 14:26:17 INFO  empty definition using pc, found symbol in pc: io. (full report at: "C:\Users\Lenin\Desktop\Practicum-1.1\Practicum1.1\.metals\.reports\metals-full\2026-01-25\r_empty-definition_14-26-16-949.md")
2026.01.25 14:26:16 INFO  Created report: Optional[file:///C:/Users/Lenin/Desktop/Practicum-1.1/Practicum1.1/src/main/scala/data/LecturaCSV.scala]
2026.01.25 14:26:16 INFO  empty definition using pc, found symbol in pc:  (full report at: "C:\Users\Lenin\Desktop\Practicum-1.1\Practicum1.1\.metals\.reports\metals-full\2026-01-25\r_empty-definition_14-26-17-093.md")
2026.01.25 14:26:23 INFO  Shutting down server
2026.01.25 14:26:23 INFO  Memory monitor stopped
2026.01.25 14:26:23 INFO  shutting down Metals
2026.01.25 14:26:23 INFO  Exiting server
2026.01.25 15:54:31 INFO  Started: Metals version 1.6.5 in folders 'C:\Users\Lenin\Desktop\Practicum-1.1\Practicum1.1' for client Visual Studio Code 1.108.2.
2026.01.25 15:54:31 INFO  Memory monitor started
2026.01.25 15:54:33 WARN  Using H2 2.4.240 which is newer than the version Flyway has been verified with. The latest verified version of H2 is 2.3.232.
